Running in production mode
Failed to load from serviceAccountKey.json: Cannot find module './serviceAccountKey.json'
Require stack:
- /Users/ihrahat/Desktop/ripple2/server.js
Using Firebase service account key from src/firebase/new-private-key.json
Firebase Admin SDK initialized properly
Firestore database connected - USING REAL DATABASE
CORS allowed origins: [
  'http://localhost:3000',
  'http://localhost:3002',
  'http://localhost:3001',
  'https://rippleexchange.org',
  'https://www.rippleexchange.org',
  'http://rippleexchange.org',
  'https://rippleexchange.web.app',
  'https://rippleexchange.org/send-verification-code',
  '*'
]
Server running on port 3001 (key: d8tpdx21twn)
API available at: http://localhost:3001/api
